[2020-06-16 14:32:22] local.INFO: User Logged In: pharmacie  
[2020-06-16 15:24:36] local.INFO: User Logged Out: pharmacie  
[2020-06-16 15:24:46] local.INFO: User Logged In: Phamarcy  
[2020-06-16 15:28:08] local.INFO: User Logged Out: Phamarcy  
[2020-06-16 15:28:14] local.INFO: User Logged In: pharmacie  
[2020-06-16 15:31:22] local.INFO: User Logged Out: pharmacie  
[2020-06-16 15:31:28] local.INFO: User Logged In: Phamarcy  
[2020-06-16 15:35:47] local.INFO: User Logged Out: Phamarcy  
[2020-06-16 15:35:53] local.INFO: User Logged In: Phamarcy  
[2020-06-16 15:36:20] local.INFO: User Logged Out: Phamarcy  
[2020-06-16 15:36:26] local.INFO: User Logged In: Phamarcy  
[2020-06-16 15:37:45] local.INFO: User Logged Out: Phamarcy  
[2020-06-16 15:37:51] local.INFO: User Logged In: pharmacie  
[2020-06-16 15:41:28] local.INFO: User Logged Out: pharmacie  
[2020-06-16 15:41:33] local.INFO: User Logged In: Phamarcy  
[2020-06-16 15:42:21] local.INFO: User Logged Out: Phamarcy  
[2020-06-16 15:42:27] local.INFO: User Logged In: pharmacie  
[2020-06-16 15:43:38] local.INFO: User Logged Out: pharmacie  
[2020-06-16 15:43:46] local.INFO: User Logged In: Phamarcy  
[2020-06-16 15:44:20] local.INFO: User Logged Out: Phamarcy  
[2020-06-16 15:44:25] local.INFO: User Logged In: pharmacie  
[2020-06-16 16:16:11] local.ERROR: Key path "file://C:\Users\Firas Chikhaoui\Downloads\trackmedds final\Trackmedds\adminpanel-trackmedds\storage\oauth-public.key" does not exist or is not readable {"exception":"[object] (LogicException(code: 0): Key path \"file://C:\\Users\\Firas Chikhaoui\\Downloads\\trackmedds final\\Trackmedds\\adminpanel-trackmedds\\storage\\oauth-public.key\" does not exist or is not readable at C:\\Users\\Firas Chikhaoui\\Downloads\\trackmedds final\\Trackmedds\\adminpanel-trackmedds\\vendor\\league\\oauth2-server\\src\\CryptKey.php:48)
[stacktrace]
#0 C:\\Users\\Firas Chikhaoui\\Downloads\\trackmedds final\\Trackmedds\\adminpanel-trackmedds\\vendor\\laravel\\passport\\src\\PassportServiceProvider.php(243): League\\OAuth2\\Server\\CryptKey->__construct('file://C:\\\\Users...', NULL, false)
#1 C:\\Users\\Firas Chikhaoui\\Downloads\\trackmedds final\\Trackmedds\\adminpanel-trackmedds\\vendor\\laravel\\passport\\src\\PassportServiceProvider.php(224): Laravel\\Passport\\PassportServiceProvider->makeCryptKey('public')
#2 C:\\Users\\Firas Chikhaoui\\Downloads\\trackmedds final\\Trackmedds\\adminpanel-trackmedds\\vendor\\laravel\\framework\\src\\Illuminate\\Container\\Container.php(799): Laravel\\Passport\\PassportServiceProvider->Laravel\\Passport\\{closure}(Object(Illuminate\\Foundation\\Application), Array)
#3 C:\\Users\\Firas Chikhaoui\\Downloads\\trackmedds final\\Trackmedds\\adminpanel-trackmedds\\vendor\\laravel\\framework\\src\\Illuminate\\Container\\Container.php(681): Illuminate\\Container\\Container->build(Object(Closure))
#4 C:\\Users\\Firas Chikhaoui\\Downloads\\trackmedds final\\Trackmedds\\adminpanel-trackmedds\\vendor\\laravel\\framework\\src\\Illuminate\\Foundation\\Application.php(785): Illuminate\\Container\\Container->resolve('League\\\\OAuth2\\\\S...', Array, true)
#5 C:\\Users\\Firas Chikhaoui\\Downloads\\trackmedds final\\Trackmedds\\adminpanel-trackmedds\\vendor\\laravel\\framework\\src\\Illuminate\\Container\\Container.php(629): Illuminate\\Foundation\\Application->resolve('League\\\\OAuth2\\\\S...', Array)
#6 C:\\Users\\Firas Chikhaoui\\Downloads\\trackmedds final\\Trackmedds\\adminpanel-trackmedds\\vendor\\laravel\\framework\\src\\Illuminate\\Foundation\\Application.php(770): Illuminate\\Container\\Container->make('League\\\\OAuth2\\\\S...', Array)
#7 C:\\Users\\Firas Chikhaoui\\Downloads\\trackmedds final\\Trackmedds\\adminpanel-trackmedds\\vendor\\laravel\\passport\\src\\PassportServiceProvider.php(270): Illuminate\\Foundation\\Application->make('League\\\\OAuth2\\\\S...')
#8 [internal function]: Laravel\\Passport\\PassportServiceProvider->Laravel\\Passport\\{closure}(Object(Illuminate\\Http\\Request), NULL)
#9 C:\\Users\\Firas Chikhaoui\\Downloads\\trackmedds final\\Trackmedds\\adminpanel-trackmedds\\vendor\\laravel\\framework\\src\\Illuminate\\Auth\\RequestGuard.php(58): call_user_func(Object(Closure), Object(Illuminate\\Http\\Request), NULL)
#10 C:\\Users\\Firas Chikhaoui\\Downloads\\trackmedds final\\Trackmedds\\adminpanel-trackmedds\\app\\Http\\Middleware\\RedirectIfAuthenticated.php(25): Illuminate\\Auth\\RequestGuard->user()
#11 C:\\Users\\Firas Chikhaoui\\Downloads\\trackmedds final\\Trackmedds\\adminpanel-trackmedds\\vendor\\laravel\\framework\\src\\Illuminate\\Pipeline\\Pipeline.php(171): App\\Http\\Middleware\\RedirectIfAuthenticated->handle(Object(Illuminate\\Http\\Request), Object(Closure))
#12 C:\\Users\\Firas Chikhaoui\\Downloads\\trackmedds final\\Trackmedds\\adminpanel-trackmedds\\app\\Http\\Middleware\\LocaleMiddleware.php(57): Illuminate\\Pipeline\\Pipeline->Illuminate\\Pipeline\\{closure}(Object(Illuminate\\Http\\Request))
#13 C:\\Users\\Firas Chikhaoui\\Downloads\\trackmedds final\\Trackmedds\\adminpanel-trackmedds\\vendor\\laravel\\framework\\src\\Illuminate\\Pipeline\\Pipeline.php(171): App\\Http\\Middleware\\LocaleMiddleware->handle(Object(Illuminate\\Http\\Request), Object(Closure))
#14 C:\\Users\\Firas Chikhaoui\\Downloads\\trackmedds final\\Trackmedds\\adminpanel-trackmedds\\vendor\\laravel\\framework\\src\\Illuminate\\Routing\\Middleware\\SubstituteBindings.php(41): Illuminate\\Pipeline\\Pipeline->Illuminate\\Pipeline\\{closure}(Object(Illuminate\\Http\\Request))
#15 C:\\Users\\Firas Chikhaoui\\Downloads\\trackmedds final\\Trackmedds\\adminpanel-trackmedds\\vendor\\laravel\\framework\\src\\Illuminate\\Pipeline\\Pipeline.php(171): Illuminate\\Routing\\Middleware\\SubstituteBindings->handle(Object(Illuminate\\Http\\Request), Object(Closure))
#16 C:\\Users\\Firas Chikhaoui\\Downloads\\trackmedds final\\Trackmedds\\adminpanel-trackmedds\\vendor\\laravel\\framework\\src\\Illuminate\\Foundation\\Http\\Middleware\\VerifyCsrfToken.php(76): Illuminate\\Pipeline\\Pipeline->Illuminate\\Pipeline\\{closure}(Object(Illuminate\\Http\\Request))
#17 C:\\Users\\Firas Chikhaoui\\Downloads\\trackmedds final\\Trackmedds\\adminpanel-trackmedds\\vendor\\laravel\\framework\\src\\Illuminate\\Pipeline\\Pipeline.php(171): Illuminate\\Foundation\\Http\\Middleware\\VerifyCsrfToken->handle(Object(Illuminate\\Http\\Request), Object(Closure))
#18 C:\\Users\\Firas Chikhaoui\\Downloads\\trackmedds final\\Trackmedds\\adminpanel-trackmedds\\vendor\\laravel\\framework\\src\\Illuminate\\View\\Middleware\\ShareErrorsFromSession.php(49): Illuminate\\Pipeline\\Pipeline->Illuminate\\Pipeline\\{closure}(Object(Illuminate\\Http\\Request))
#19 C:\\Users\\Firas Chikhaoui\\Downloads\\trackmedds final\\Trackmedds\\adminpanel-trackmedds\\vendor\\laravel\\framework\\src\\Illuminate\\Pipeline\\Pipeline.php(171): Illuminate\\View\\Middleware\\ShareErrorsFromSession->handle(Object(Illuminate\\Http\\Request), Object(Closure))
#20 C:\\Users\\Firas Chikhaoui\\Downloads\\trackmedds final\\Trackmedds\\adminpanel-trackmedds\\vendor\\laravel\\framework\\src\\Illuminate\\Session\\Middleware\\StartSession.php(56): Illuminate\\Pipeline\\Pipeline->Illuminate\\Pipeline\\{closure}(Object(Illuminate\\Http\\Request))
#21 C:\\Users\\Firas Chikhaoui\\Downloads\\trackmedds final\\Trackmedds\\adminpanel-trackmedds\\vendor\\laravel\\framework\\src\\Illuminate\\Pipeline\\Pipeline.php(171): Illuminate\\Session\\Middleware\\StartSession->handle(Object(Illuminate\\Http\\Request), Object(Closure))
#22 C:\\Users\\Firas Chikhaoui\\Downloads\\trackmedds final\\Trackmedds\\adminpanel-trackmedds\\vendor\\laravel\\framework\\src\\Illuminate\\Cookie\\Middleware\\AddQueuedCookiesToResponse.php(37): Illuminate\\Pipeline\\Pipeline->Illuminate\\Pipeline\\{closure}(Object(Illuminate\\Http\\Request))
#23 C:\\Users\\Firas Chikhaoui\\Downloads\\trackmedds final\\Trackmedds\\adminpanel-trackmedds\\vendor\\laravel\\framework\\src\\Illuminate\\Pipeline\\Pipeline.php(171): Illuminate\\Cookie\\Middleware\\AddQueuedCookiesToResponse->handle(Object(Illuminate\\Http\\Request), Object(Closure))
#24 C:\\Users\\Firas Chikhaoui\\Downloads\\trackmedds final\\Trackmedds\\adminpanel-trackmedds\\vendor\\laravel\\framework\\src\\Illuminate\\Cookie\\Middleware\\EncryptCookies.php(66): Illuminate\\Pipeline\\Pipeline->Illuminate\\Pipeline\\{closure}(Object(Illuminate\\Http\\Request))
#25 C:\\Users\\Firas Chikhaoui\\Downloads\\trackmedds final\\Trackmedds\\adminpanel-trackmedds\\vendor\\laravel\\framework\\src\\Illuminate\\Pipeline\\Pipeline.php(171): Illuminate\\Cookie\\Middleware\\EncryptCookies->handle(Object(Illuminate\\Http\\Request), Object(Closure))
#26 C:\\Users\\Firas Chikhaoui\\Downloads\\trackmedds final\\Trackmedds\\adminpanel-trackmedds\\vendor\\laravel\\framework\\src\\Illuminate\\Pipeline\\Pipeline.php(105): Illuminate\\Pipeline\\Pipeline->Illuminate\\Pipeline\\{closure}(Object(Illuminate\\Http\\Request))
#27 C:\\Users\\Firas Chikhaoui\\Downloads\\trackmedds final\\Trackmedds\\adminpanel-trackmedds\\vendor\\laravel\\framework\\src\\Illuminate\\Routing\\Router.php(683): Illuminate\\Pipeline\\Pipeline->then(Object(Closure))
#28 C:\\Users\\Firas Chikhaoui\\Downloads\\trackmedds final\\Trackmedds\\adminpanel-trackmedds\\vendor\\laravel\\framework\\src\\Illuminate\\Routing\\Router.php(658): Illuminate\\Routing\\Router->runRouteWithinStack(Object(Illuminate\\Routing\\Route), Object(Illuminate\\Http\\Request))
#29 C:\\Users\\Firas Chikhaoui\\Downloads\\trackmedds final\\Trackmedds\\adminpanel-trackmedds\\vendor\\laravel\\framework\\src\\Illuminate\\Routing\\Router.php(624): Illuminate\\Routing\\Router->runRoute(Object(Illuminate\\Http\\Request), Object(Illuminate\\Routing\\Route))
#30 C:\\Users\\Firas Chikhaoui\\Downloads\\trackmedds final\\Trackmedds\\adminpanel-trackmedds\\vendor\\laravel\\framework\\src\\Illuminate\\Routing\\Router.php(613): Illuminate\\Routing\\Router->dispatchToRoute(Object(Illuminate\\Http\\Request))
#31 C:\\Users\\Firas Chikhaoui\\Downloads\\trackmedds final\\Trackmedds\\adminpanel-trackmedds\\vendor\\laravel\\framework\\src\\Illuminate\\Foundation\\Http\\Kernel.php(170): Illuminate\\Routing\\Router->dispatch(Object(Illuminate\\Http\\Request))
#32 C:\\Users\\Firas Chikhaoui\\Downloads\\trackmedds final\\Trackmedds\\adminpanel-trackmedds\\vendor\\laravel\\framework\\src\\Illuminate\\Pipeline\\Pipeline.php(130): Illuminate\\Foundation\\Http\\Kernel->Illuminate\\Foundation\\Http\\{closure}(Object(Illuminate\\Http\\Request))
#33 C:\\Users\\Firas Chikhaoui\\Downloads\\trackmedds final\\Trackmedds\\adminpanel-trackmedds\\vendor\\spatie\\laravel-cors\\src\\Cors.php(28): Illuminate\\Pipeline\\Pipeline->Illuminate\\Pipeline\\{closure}(Object(Illuminate\\Http\\Request))
#34 C:\\Users\\Firas Chikhaoui\\Downloads\\trackmedds final\\Trackmedds\\adminpanel-trackmedds\\vendor\\laravel\\framework\\src\\Illuminate\\Pipeline\\Pipeline.php(171): Spatie\\Cors\\Cors->handle(Object(Illuminate\\Http\\Request), Object(Closure))
#35 C:\\Users\\Firas Chikhaoui\\Downloads\\trackmedds final\\Trackmedds\\adminpanel-trackmedds\\vendor\\laravel\\framework\\src\\Illuminate\\Foundation\\Http\\Middleware\\TransformsRequest.php(21): Illuminate\\Pipeline\\Pipeline->Illuminate\\Pipeline\\{closure}(Object(Illuminate\\Http\\Request))
#36 C:\\Users\\Firas Chikhaoui\\Downloads\\trackmedds final\\Trackmedds\\adminpanel-trackmedds\\vendor\\laravel\\framework\\src\\Illuminate\\Pipeline\\Pipeline.php(171): Illuminate\\Foundation\\Http\\Middleware\\TransformsRequest->handle(Object(Illuminate\\Http\\Request), Object(Closure))
#37 C:\\Users\\Firas Chikhaoui\\Downloads\\trackmedds final\\Trackmedds\\adminpanel-trackmedds\\vendor\\laravel\\framework\\src\\Illuminate\\Foundation\\Http\\Middleware\\TransformsRequest.php(21): Illuminate\\Pipeline\\Pipeline->Illuminate\\Pipeline\\{closure}(Object(Illuminate\\Http\\Request))
#38 C:\\Users\\Firas Chikhaoui\\Downloads\\trackmedds final\\Trackmedds\\adminpanel-trackmedds\\vendor\\laravel\\framework\\src\\Illuminate\\Pipeline\\Pipeline.php(171): Illuminate\\Foundation\\Http\\Middleware\\TransformsRequest->handle(Object(Illuminate\\Http\\Request), Object(Closure))
#39 C:\\Users\\Firas Chikhaoui\\Downloads\\trackmedds final\\Trackmedds\\adminpanel-trackmedds\\vendor\\laravel\\framework\\src\\Illuminate\\Foundation\\Http\\Middleware\\ValidatePostSize.php(27): Illuminate\\Pipeline\\Pipeline->Illuminate\\Pipeline\\{closure}(Object(Illuminate\\Http\\Request))
#40 C:\\Users\\Firas Chikhaoui\\Downloads\\trackmedds final\\Trackmedds\\adminpanel-trackmedds\\vendor\\laravel\\framework\\src\\Illuminate\\Pipeline\\Pipeline.php(171): Illuminate\\Foundation\\Http\\Middleware\\ValidatePostSize->handle(Object(Illuminate\\Http\\Request), Object(Closure))
#41 C:\\Users\\Firas Chikhaoui\\Downloads\\trackmedds final\\Trackmedds\\adminpanel-trackmedds\\vendor\\laravel\\framework\\src\\Illuminate\\Foundation\\Http\\Middleware\\CheckForMaintenanceMode.php(63): Illuminate\\Pipeline\\Pipeline->Illuminate\\Pipeline\\{closure}(Object(Illuminate\\Http\\Request))
#42 C:\\Users\\Firas Chikhaoui\\Downloads\\trackmedds final\\Trackmedds\\adminpanel-trackmedds\\vendor\\laravel\\framework\\src\\Illuminate\\Pipeline\\Pipeline.php(171): Illuminate\\Foundation\\Http\\Middleware\\CheckForMaintenanceMode->handle(Object(Illuminate\\Http\\Request), Object(Closure))
#43 C:\\Users\\Firas Chikhaoui\\Downloads\\trackmedds final\\Trackmedds\\adminpanel-trackmedds\\vendor\\laravel\\framework\\src\\Illuminate\\Pipeline\\Pipeline.php(105): Illuminate\\Pipeline\\Pipeline->Illuminate\\Pipeline\\{closure}(Object(Illuminate\\Http\\Request))
#44 C:\\Users\\Firas Chikhaoui\\Downloads\\trackmedds final\\Trackmedds\\adminpanel-trackmedds\\vendor\\laravel\\framework\\src\\Illuminate\\Foundation\\Http\\Kernel.php(145): Illuminate\\Pipeline\\Pipeline->then(Object(Closure))
#45 C:\\Users\\Firas Chikhaoui\\Downloads\\trackmedds final\\Trackmedds\\adminpanel-trackmedds\\vendor\\laravel\\framework\\src\\Illuminate\\Foundation\\Http\\Kernel.php(110): Illuminate\\Foundation\\Http\\Kernel->sendRequestThroughRouter(Object(Illuminate\\Http\\Request))
#46 C:\\Users\\Firas Chikhaoui\\Downloads\\trackmedds final\\Trackmedds\\adminpanel-trackmedds\\public\\index.php(52): Illuminate\\Foundation\\Http\\Kernel->handle(Object(Illuminate\\Http\\Request))
#47 C:\\Users\\Firas Chikhaoui\\Downloads\\trackmedds final\\Trackmedds\\adminpanel-trackmedds\\server.php(19): require_once('C:\\\\Users\\\\Firas ...')
#48 {main}
"} 
[2020-06-16 17:27:13] local.INFO: User Logged In: pharmacie  
